<?xml version="1.0" encoding="UTF-8"?>
<!-- Generated by org.testng.reporters.JUnitReportReporter -->
<testsuite hostname="DESKTOP-E12LQAM" failures="0" tests="4" name="com.api.test.APITestTest" time="3.708" errors="0" timestamp="2024-12-01T12:26:10 PKT" skipped="0">
  <testcase classname="com.api.test.APITestTest" name="validateGetPosts" time="0.484"/>
  <system-out/>
  <testcase classname="com.api.test.APITestTest" name="validateCreatePost" time="1.157"/>
  <system-out/>
  <testcase classname="com.api.test.APITestTest" name="validateUpdatePost" time="0.996"/>
  <system-out/>
  <testcase classname="com.api.test.APITestTest" name="validateDeletePost" time="1.071"/>
  <system-out/>
</testsuite> <!-- com.api.test.APITestTest -->
