<?xml version="1.0" encoding="UTF-8"?>
<!-- Generated by org.testng.reporters.JUnitReportReporter -->
<testsuite hostname="DESKTOP-E12LQAM" failures="0" tests="3" name="com.api.test.APITest" time="4.773" errors="0" timestamp="2024-12-01T12:26:10 PKT" skipped="0">
  <testcase classname="com.api.test.APITest" name="testCreatePost" time="2.637"/>
  <system-out/>
  <testcase classname="com.api.test.APITest" name="testUpdatePost" time="1.069"/>
  <system-out/>
  <testcase classname="com.api.test.APITest" name="testDeletePost" time="1.067"/>
  <system-out/>
</testsuite> <!-- com.api.test.APITest -->
